2023-06-23 12:31:14,094 - ERROR - {"event": "Error message", "logger": "api.routers.log", "level": "error", "timestamp": "2023-06-23T12:31:14.094654Z"}
2023-06-23 12:31:15,080 - ERROR - {"event": "Error message", "logger": "api.routers.log", "level": "error", "timestamp": "2023-06-23T12:31:15.080667Z"}
2023-06-23 12:31:15,080 - ERROR - {"event": "Error message", "logger": "api.routers.log", "level": "error", "timestamp": "2023-06-23T12:31:15.080650Z"}
2023-06-23 12:31:17,815 - ERROR - {"event": "Nomor HP atau NIK Sudah Terdaftar", "logger": "api.routers.user_management", "level": "error", "timestamp": "2023-06-23T12:31:17.815085Z"}
2023-06-23 12:31:47,210 - ERROR - {"event": "Saldo Tidak Cukup", "logger": "api.routers.transaksi", "level": "error", "timestamp": "2023-06-23T12:31:47.210269Z"}2023-06-23 13:41:37,508 - ERROR - {"event": "Nomor HP atau NIK Sudah Terdaftar", "logger": "api.routers.user_management", "level": "error", "timestamp": "2023-06-23T13:41:37.508390Z"}
2023-06-23 13:42:09,558 - ERROR - {"event": "Nomor HP atau NIK Sudah Terdaftar", "logger": "api.routers.user_management", "level": "error", "timestamp": "2023-06-23T13:42:09.558287Z"}
2023-06-23 13:42:10,112 - ERROR - {"event": "Nomor HP atau NIK Sudah Terdaftar", "logger": "api.routers.user_management", "level": "error", "timestamp": "2023-06-23T13:42:10.112178Z"}
2023-06-23 13:42:24,656 - ERROR - {"event": "Saldo Tidak Cukup", "logger": "api.routers.transaksi", "level": "error", "timestamp": "2023-06-23T13:42:24.656939Z"}
2023-06-23 13:47:28,529 - ERROR - {"event": "Error message", "logger": "api.routers.log", "level": "error", "timestamp": "2023-06-23T13:47:28.528979Z"}
2023-06-23 13:47:29,537 - ERROR - {"event": "Error message", "logger": "api.routers.log", "level": "error", "timestamp": "2023-06-23T13:47:29.537338Z"}
2023-06-23 13:47:29,539 - ERROR - {"event": "Error message", "logger": "api.routers.log", "level": "error", "timestamp": "2023-06-23T13:47:29.539522Z"}
2023-06-23 13:47:33,142 - ERROR - {"event": "Nomor HP atau NIK Sudah Terdaftar", "logger": "api.routers.user_management", "level": "error", "timestamp": "2023-06-23T13:47:33.142540Z"}
2023-06-23 13:47:35,459 - ERROR - {"event": "Saldo Tidak Cukup", "logger": "api.routers.transaksi", "level": "error", "timestamp": "2023-06-23T13:47:35.459523Z"}
2023-06-23 14:35:15,261 - ERROR - {"event": "numeric field overflow\nDETAIL:  A field with precision 10, scale 2 must round to an absolute value less than 10^8.", "logger": "api.routers.transaksi", "level": "error", "timestamp": "2023-06-23T14:35:15.261378Z"}
2023-06-23 14:50:01,188 - ERROR - {"event": "Error message", "logger": "api.routers.log", "level": "error", "timestamp": "2023-06-23T14:50:01.188423Z"}
2023-06-23 14:50:02,055 - ERROR - {"event": "Error message", "logger": "api.routers.log", "level": "error", "timestamp": "2023-06-23T14:50:02.055936Z"}
2023-06-23 14:50:02,091 - ERROR - {"event": "Error message", "logger": "api.routers.log", "level": "error", "timestamp": "2023-06-23T14:50:02.091880Z"}
2023-06-23 14:56:38,474 - ERROR - {"event": "Error message", "logger": "api.routers.log", "level": "error", "timestamp": "2023-06-23T14:56:38.474137Z"}
2023-06-23 14:56:39,322 - ERROR - {"event": "Error message", "logger": "api.routers.log", "level": "error", "timestamp": "2023-06-23T14:56:39.322119Z"}
2023-06-23 14:56:39,354 - ERROR - {"event": "Error message", "logger": "api.routers.log", "level": "error", "timestamp": "2023-06-23T14:56:39.354793Z"}
2023-06-23 15:07:13,809 - ERROR - {"event": "Error message", "logger": "api.routers.log", "level": "error", "timestamp": "2023-06-23T15:07:13.809202Z"}
2023-06-23 15:07:14,607 - ERROR - {"event": "Error message", "logger": "api.routers.log", "level": "error", "timestamp": "2023-06-23T15:07:14.607401Z"}
2023-06-23 15:07:14,607 - ERROR - {"event": "Error message", "logger": "api.routers.log", "level": "error", "timestamp": "2023-06-23T15:07:14.607402Z"}
2023-06-23 15:09:14,659 - ERROR - {"event": "Error message", "logger": "api.routers.log", "level": "error", "timestamp": "2023-06-23T15:09:14.659335Z"}
2023-06-23 15:09:15,448 - ERROR - {"event": "Error message", "logger": "api.routers.log", "level": "error", "timestamp": "2023-06-23T15:09:15.448725Z"}
2023-06-23 15:09:15,449 - ERROR - {"event": "Error message", "logger": "api.routers.log", "level": "error", "timestamp": "2023-06-23T15:09:15.449419Z"}
2023-06-23 15:12:50,270 - ERROR - {"event": "Error message", "logger": "api.routers.log", "level": "error", "timestamp": "2023-06-23T15:12:50.270696Z"}
2023-06-23 15:12:51,136 - ERROR - {"event": "Error message", "logger": "api.routers.log", "level": "error", "timestamp": "2023-06-23T15:12:51.136491Z"}
2023-06-23 15:12:51,136 - ERROR - {"event": "Error message", "logger": "api.routers.log", "level": "error", "timestamp": "2023-06-23T15:12:51.136496Z"}
2023-06-23 15:13:08,872 - ERROR - {"event": "Saldo Tidak Cukup", "logger": "api.routers.transaksi", "level": "error", "timestamp": "2023-06-23T15:13:08.872308Z"}
